<?xml version="1.0" encoding="UTF-8"?>
<testsuite xmlns:xsi="http://www.w3.org/2001/XMLSchema-instance" xsi:noNamespaceSchemaLocation="https://maven.apache.org/surefire/maven-surefire-plugin/xsd/surefire-test-report.xsd" version="3.0.2" name="com.example.libraryManagement.LibraryManagementApplicationTests" time="6.266" tests="1" errors="0" skipped="0" failures="0">
  <properties>
[...]
</properties>
  <testcase name="contextLoads" classname="com.example.libraryManagement.LibraryManagementApplicationTests" time="0.393">
    <system-out><![CDATA[18:23:53.266 [main] INFO org.springframework.test.context.support.AnnotationConfigContextLoaderUtils -- Could not detect default configuration classes for test class [com.example.libraryManagement.LibraryManagementApplicationTests]: LibraryManagementApplicationTests does not declare any static, non-private, non-final, nested classes annotated with @Configuration.
18:23:53.389 [main] INFO org.springframework.boot.test.context.SpringBootTestContextBootstrapper -- Found @SpringBootConfiguration com.example.libraryManagement.LibraryManagementFullstack for test class com.example.libraryManagement.LibraryManagementApplicationTests

  .   ____          _            __ _ _
 /\\ / ___'_ __ _ _(_)_ __  __ _ \ \ \ \
( ( )\___ | '_ | '_| | '_ \/ _` | \ \ \ \
 \\/  ___)| |_)| | | | | || (_| |  ) ) ) )
  '  |____| .__|_| |_|_| |_\__, | / / / /
 =========|_|==============|___/=/_/_/_/

 :: Spring Boot ::                (v3.5.5)

2025-11-06 18:23:54 INFO  c.e.l.LibraryManagementApplicationTests - Starting LibraryManagementApplicationTests using Java 21.0.8 with PID 3259 (started by vlp002 in /home/vlp002/Downloads/LibraryManagementFullstack)
2025-11-06 18:23:54 INFO  c.e.l.LibraryManagementApplicationTests - No active profile set, falling back to 1 default profile: "default"
2025-11-06 18:23:54 DEBUG o.s.w.c.s.GenericWebApplicationContext - Refreshing org.springframework.web.context.support.GenericWebApplicationContext@30e92cb9
2025-11-06 18:23:55 INFO  o.s.d.r.c.RepositoryConfigurationDelegate - Bootstrapping Spring Data JPA repositories in DEFAULT mode.
2025-11-06 18:23:55 INFO  o.s.d.r.c.RepositoryConfigurationDelegate - Finished Spring Data repository scanning in 50 ms. Found 3 JPA repository interfaces.
2025-11-06 18:23:56 INFO  o.s.o.j.p.SpringPersistenceUnitInfo - No LoadTimeWeaver setup: ignoring JPA class transformer
2025-11-06 18:23:56 INFO  com.zaxxer.hikari.HikariDataSource - HikariPool-1 - Starting...
2025-11-06 18:23:56 INFO  com.zaxxer.hikari.pool.HikariPool - HikariPool-1 - Added connection org.postgresql.jdbc.PgConnection@3b7b0b57
2025-11-06 18:23:56 INFO  com.zaxxer.hikari.HikariDataSource - HikariPool-1 - Start completed.
Hibernate: create table activity_log (id integer not null, action varchar(50) not null, description TEXT, entity_id integer, entity_type varchar(50) not null, timestamp timestamp(6) not null, user_id integer, primary key (id))
Hibernate: create table books (book_id integer generated by default as identity, number_of_copies integer, author varchar(255), category varchar(255), created_by integer, created_on timestamp(6), edited_by integer, edited_on timestamp(6), image_path varchar(255), isbn varchar(255), title varchar(255), total_copies integer, primary key (book_id))
Hibernate: create table borrowedbooks (borrowid integer generated by default as identity, created_by integer, created_on timestamp(6), due_date timestamp(6), edited_by integer, edited_on timestamp(6), fine_amount integer, issue_date timestamp(6) not null, return_date timestamp(6), book_id integer not null, user_id integer not null, primary key (borrowid))
Hibernate: create table users (user_id integer generated by default as identity, books_borrowed integer, created_on timestamp(6), edited_by integer, edited_time timestamp(6), password varchar(255), user_name varchar(255), user_type varchar(255), primary key (user_id))
Hibernate: create sequence activity_log_seq start with 1 increment by 50
Hibernate: alter table if exists activity_log add constraint FK634sb3dvk7nyxjcjcem7m282a foreign key (user_id) references users
Hibernate: alter table if exists borrowedbooks add constraint FKgdcyuntp6gsmfkcns5xhknxrk foreign key (book_id) references books
Hibernate: alter table if exists borrowedbooks add constraint FKe2gbs6om4r5apoppf684d74u2 foreign key (user_id) references users
2025-11-06 18:23:57 INFO  o.s.o.j.LocalContainerEntityManagerFactoryBean - Initialized JPA EntityManagerFactory for persistence unit 'default'
2025-11-06 18:23:58 INFO  o.s.d.j.r.query.QueryEnhancerFactory - Hibernate is in classpath; If applicable, HQL parser will be used.
2025-11-06 18:23:58 WARN  o.s.b.a.o.j.JpaBaseConfiguration$JpaWebConfiguration - spring.jpa.open-in-view is enabled by default. Therefore, database queries may be performed during view rendering. Explicitly configure spring.jpa.open-in-view to disable this warning
2025-11-06 18:23:58 DEBUG o.s.w.s.m.m.a.RequestMappingHandlerMapping - 18 mappings in 'requestMappingHandlerMapping'
2025-11-06 18:23:58 DEBUG o.s.w.s.h.SimpleUrlHandlerMapping - Patterns [/webjars/**, /**, /uploads/**] in 'resourceHandlerMapping'
2025-11-06 18:23:58 DEBUG o.s.w.s.m.m.a.RequestMappingHandlerAdapter - ControllerAdvice beans: 0 @ModelAttribute, 0 @InitBinder, 1 RequestBodyAdvice, 1 ResponseBodyAdvice
2025-11-06 18:23:58 DEBUG o.s.w.s.m.m.a.ExceptionHandlerExceptionResolver - ControllerAdvice beans: 0 @ExceptionHandler, 1 ResponseBodyAdvice
2025-11-06 18:23:58 INFO  c.e.l.LibraryManagementApplicationTests - Started LibraryManagementApplicationTests in 5.378 seconds (process running for 6.4)
]]></system-out>
    <system-err><![CDATA[Mockito is currently self-attaching to enable the inline-mock-maker. This will no longer work in future releases of the JDK. Please add Mockito as an agent to your build as described in Mockito's documentation: https://javadoc.io/doc/org.mockito/mockito-core/latest/org.mockito/org/mockito/Mockito.html#0.3
WARNING: A Java agent has been loaded dynamically (/home/vlp002/.m2/repository/net/bytebuddy/byte-buddy-agent/1.17.7/byte-buddy-agent-1.17.7.jar)
WARNING: If a serviceability tool is in use, please run with -XX:+EnableDynamicAgentLoading to hide this warning
WARNING: If a serviceability tool is not in use, please run with -Djdk.instrument.traceUsage for more information
WARNING: Dynamic loading of agents will be disallowed by default in a future release
]]></system-err>
  </testcase>
</testsuite>